
*** Running vivado
    with args -log system_wrapper.vds -m64 -product Vivado -mode batch -messageDb vivado.pb -notrace -source system_wrapper.tcl



****** Vivado v2022.1 (64-bit)
  **** SW Build 3526262 on Mon Apr 18 15:48:16 MDT 2022
  **** IP Build 3524634 on Mon Apr 18 20:55:01 MDT 2022
    ** Copyright 1986-2022 Xilinx, Inc. All Rights Reserved.

source system_wrapper.tcl -notrace
INFO: [IP_Flow 19-234] Refreshing IP repositories
INFO: [IP_Flow 19-1704] No user IP repositories specified
INFO: [IP_Flow 19-2313] Loaded Vivado IP repository 'C:/Xilinx/Vivado/2022.1/data/ip'.
add_files: Time (s): cpu = 00:00:01 ; elapsed = 00:00:07 . Memory (MB): peak = 1293.770 ; gain = 0.000
Command: read_checkpoint -auto_incremental -incremental C:/Users/ehussain/Desktop/Projects/usb/usb.srcs/utils_1/imports/synth_1/system_wrapper.dcp
INFO: [Vivado 12-5825] Read reference checkpoint from C:/Users/ehussain/Desktop/Projects/usb/usb.srcs/utils_1/imports/synth_1/system_wrapper.dcp for incremental synthesis
INFO: [Vivado 12-7989] Please ensure there are no constraint changes
Command: synth_design -top system_wrapper -part xc7a35tcpg236-1
Starting synth_design
Attempting to get a license for feature 'Synthesis' and/or device 'xc7a35t'
INFO: [Common 17-349] Got license for feature 'Synthesis' and/or device 'xc7a35t'
INFO: [Device 21-403] Loading part xc7a35tcpg236-1
INFO: [Designutils 20-5440] No compile time benefit to using incremental synthesis; A full resynthesis will be run
INFO: [Designutils 20-4379] Flow is switching to default flow due to incremental criteria not met. If you would like to alter this behaviour and have the flow terminate instead, please set the following parameter config_implementation {autoIncr.Synth.RejectBehavior Terminate}
INFO: [Synth 8-7079] Multithreading enabled for synth_design using a maximum of 2 processes.
INFO: [Synth 8-7078] Launching helper process for spawning children vivado processes
INFO: [Synth 8-7075] Helper process launched with PID 79336
---------------------------------------------------------------------------------
Starting RTL Elaboration : Time (s): cpu = 00:00:04 ; elapsed = 00:00:04 . Memory (MB): peak = 1293.770 ; gain = 0.000
---------------------------------------------------------------------------------
INFO: [Synth 8-6157] synthesizing module 'system_wrapper' [C:/Users/ehussain/Desktop/Projects/usb/usb.gen/sources_1/bd/system/hdl/system_wrapper.v:12]
INFO: [Synth 8-6157] synthesizing module 'system' [c:/Users/ehussain/Desktop/Projects/usb/usb.gen/sources_1/bd/system/synth/system.v:178]
INFO: [Synth 8-6157] synthesizing module 'UART_rx_imp_ZYB5KD' [c:/Users/ehussain/Desktop/Projects/usb/usb.gen/sources_1/bd/system/synth/system.v:12]
INFO: [Synth 8-6157] synthesizing module 'system_gpio_obuf_3_0' [C:/Users/ehussain/Desktop/Projects/usb/usb.runs/synth_1/.Xil/Vivado-70672-ebrahim/realtime/system_gpio_obuf_3_0_stub.v:5]
INFO: [Synth 8-6155] done synthesizing module 'system_gpio_obuf_3_0' (0#1) [C:/Users/ehussain/Desktop/Projects/usb/usb.runs/synth_1/.Xil/Vivado-70672-ebrahim/realtime/system_gpio_obuf_3_0_stub.v:5]
INFO: [Synth 8-6157] synthesizing module 'system_gpio_obuf_4_0' [C:/Users/ehussain/Desktop/Projects/usb/usb.runs/synth_1/.Xil/Vivado-70672-ebrahim/realtime/system_gpio_obuf_4_0_stub.v:5]
INFO: [Synth 8-6155] done synthesizing module 'system_gpio_obuf_4_0' (0#1) [C:/Users/ehussain/Desktop/Projects/usb/usb.runs/synth_1/.Xil/Vivado-70672-ebrahim/realtime/system_gpio_obuf_4_0_stub.v:5]
INFO: [Synth 8-6157] synthesizing module 'system_uart_rx_0_0' [C:/Users/ehussain/Desktop/Projects/usb/usb.runs/synth_1/.Xil/Vivado-70672-ebrahim/realtime/system_uart_rx_0_0_stub.v:5]
INFO: [Synth 8-6155] done synthesizing module 'system_uart_rx_0_0' (0#1) [C:/Users/ehussain/Desktop/Projects/usb/usb.runs/synth_1/.Xil/Vivado-70672-ebrahim/realtime/system_uart_rx_0_0_stub.v:5]
INFO: [Synth 8-6157] synthesizing module 'system_uart_rx_interpreter_0_0' [C:/Users/ehussain/Desktop/Projects/usb/usb.runs/synth_1/.Xil/Vivado-70672-ebrahim/realtime/system_uart_rx_interpreter_0_0_stub.v:5]
INFO: [Synth 8-6155] done synthesizing module 'system_uart_rx_interpreter_0_0' (0#1) [C:/Users/ehussain/Desktop/Projects/usb/usb.runs/synth_1/.Xil/Vivado-70672-ebrahim/realtime/system_uart_rx_interpreter_0_0_stub.v:5]
WARNING: [Synth 8-7071] port 'o_cmd' of module 'system_uart_rx_interpreter_0_0' is unconnected for instance 'uart_rx_interpreter_0' [c:/Users/ehussain/Desktop/Projects/usb/usb.gen/sources_1/bd/system/synth/system.v:64]
WARNING: [Synth 8-7071] port 'f_editing' of module 'system_uart_rx_interpreter_0_0' is unconnected for instance 'uart_rx_interpreter_0' [c:/Users/ehussain/Desktop/Projects/usb/usb.gen/sources_1/bd/system/synth/system.v:64]
WARNING: [Synth 8-7023] instance 'uart_rx_interpreter_0' of module 'system_uart_rx_interpreter_0_0' has 9 connections declared, but only 7 given [c:/Users/ehussain/Desktop/Projects/usb/usb.gen/sources_1/bd/system/synth/system.v:64]
INFO: [Synth 8-6157] synthesizing module 'system_uart_rx_reg_0_0' [C:/Users/ehussain/Desktop/Projects/usb/usb.runs/synth_1/.Xil/Vivado-70672-ebrahim/realtime/system_uart_rx_reg_0_0_stub.v:5]
INFO: [Synth 8-6155] done synthesizing module 'system_uart_rx_reg_0_0' (0#1) [C:/Users/ehussain/Desktop/Projects/usb/usb.runs/synth_1/.Xil/Vivado-70672-ebrahim/realtime/system_uart_rx_reg_0_0_stub.v:5]
INFO: [Synth 8-6155] done synthesizing module 'UART_rx_imp_ZYB5KD' (0#1) [c:/Users/ehussain/Desktop/Projects/usb/usb.gen/sources_1/bd/system/synth/system.v:12]
WARNING: [Synth 8-7071] port 'o_idle' of module 'UART_rx_imp_ZYB5KD' is unconnected for instance 'UART_rx' [c:/Users/ehussain/Desktop/Projects/usb/usb.gen/sources_1/bd/system/synth/system.v:415]
WARNING: [Synth 8-7071] port 'rx_clk' of module 'UART_rx_imp_ZYB5KD' is unconnected for instance 'UART_rx' [c:/Users/ehussain/Desktop/Projects/usb/usb.gen/sources_1/bd/system/synth/system.v:415]
WARNING: [Synth 8-7023] instance 'UART_rx' of module 'UART_rx_imp_ZYB5KD' has 9 connections declared, but only 7 given [c:/Users/ehussain/Desktop/Projects/usb/usb.gen/sources_1/bd/system/synth/system.v:415]
INFO: [Synth 8-6157] synthesizing module 'UART_tx_imp_JZ25II' [c:/Users/ehussain/Desktop/Projects/usb/usb.gen/sources_1/bd/system/synth/system.v:79]
INFO: [Synth 8-6157] synthesizing module 'system_gpio_obuf_0_1' [C:/Users/ehussain/Desktop/Projects/usb/usb.runs/synth_1/.Xil/Vivado-70672-ebrahim/realtime/system_gpio_obuf_0_1_stub.v:5]
INFO: [Synth 8-6155] done synthesizing module 'system_gpio_obuf_0_1' (0#1) [C:/Users/ehussain/Desktop/Projects/usb/usb.runs/synth_1/.Xil/Vivado-70672-ebrahim/realtime/system_gpio_obuf_0_1_stub.v:5]
INFO: [Synth 8-6157] synthesizing module 'system_gpio_obuf_1_1' [C:/Users/ehussain/Desktop/Projects/usb/usb.runs/synth_1/.Xil/Vivado-70672-ebrahim/realtime/system_gpio_obuf_1_1_stub.v:5]
INFO: [Synth 8-6155] done synthesizing module 'system_gpio_obuf_1_1' (0#1) [C:/Users/ehussain/Desktop/Projects/usb/usb.runs/synth_1/.Xil/Vivado-70672-ebrahim/realtime/system_gpio_obuf_1_1_stub.v:5]
INFO: [Synth 8-6157] synthesizing module 'system_gpio_obuf_3_1' [C:/Users/ehussain/Desktop/Projects/usb/usb.runs/synth_1/.Xil/Vivado-70672-ebrahim/realtime/system_gpio_obuf_3_1_stub.v:5]
INFO: [Synth 8-6155] done synthesizing module 'system_gpio_obuf_3_1' (0#1) [C:/Users/ehussain/Desktop/Projects/usb/usb.runs/synth_1/.Xil/Vivado-70672-ebrahim/realtime/system_gpio_obuf_3_1_stub.v:5]
INFO: [Synth 8-6157] synthesizing module 'system_uart_tx_0_0' [C:/Users/ehussain/Desktop/Projects/usb/usb.runs/synth_1/.Xil/Vivado-70672-ebrahim/realtime/system_uart_tx_0_0_stub.v:5]
INFO: [Synth 8-6155] done synthesizing module 'system_uart_tx_0_0' (0#1) [C:/Users/ehussain/Desktop/Projects/usb/usb.runs/synth_1/.Xil/Vivado-70672-ebrahim/realtime/system_uart_tx_0_0_stub.v:5]
INFO: [Synth 8-6157] synthesizing module 'system_uart_tx_viewer_0_0' [C:/Users/ehussain/Desktop/Projects/usb/usb.runs/synth_1/.Xil/Vivado-70672-ebrahim/realtime/system_uart_tx_viewer_0_0_stub.v:5]
INFO: [Synth 8-6155] done synthesizing module 'system_uart_tx_viewer_0_0' (0#1) [C:/Users/ehussain/Desktop/Projects/usb/usb.runs/synth_1/.Xil/Vivado-70672-ebrahim/realtime/system_uart_tx_viewer_0_0_stub.v:5]
INFO: [Synth 8-6155] done synthesizing module 'UART_tx_imp_JZ25II' (0#1) [c:/Users/ehussain/Desktop/Projects/usb/usb.gen/sources_1/bd/system/synth/system.v:79]
INFO: [Synth 8-6157] synthesizing module 'system_clk_in_bufg_0_0' [C:/Users/ehussain/Desktop/Projects/usb/usb.runs/synth_1/.Xil/Vivado-70672-ebrahim/realtime/system_clk_in_bufg_0_0_stub.v:5]
INFO: [Synth 8-6155] done synthesizing module 'system_clk_in_bufg_0_0' (0#1) [C:/Users/ehussain/Desktop/Projects/usb/usb.runs/synth_1/.Xil/Vivado-70672-ebrahim/realtime/system_clk_in_bufg_0_0_stub.v:5]
INFO: [Synth 8-6157] synthesizing module 'clocks_imp_1VOSGIY' [c:/Users/ehussain/Desktop/Projects/usb/usb.gen/sources_1/bd/system/synth/system.v:158]
INFO: [Synth 8-6157] synthesizing module 'system_variable_clock_div_1_0' [C:/Users/ehussain/Desktop/Projects/usb/usb.runs/synth_1/.Xil/Vivado-70672-ebrahim/realtime/system_variable_clock_div_1_0_stub.v:5]
INFO: [Synth 8-6155] done synthesizing module 'system_variable_clock_div_1_0' (0#1) [C:/Users/ehussain/Desktop/Projects/usb/usb.runs/synth_1/.Xil/Vivado-70672-ebrahim/realtime/system_variable_clock_div_1_0_stub.v:5]
INFO: [Synth 8-6157] synthesizing module 'system_xlconstant_0_0' [c:/Users/ehussain/Desktop/Projects/usb/usb.gen/sources_1/bd/system/ip/system_xlconstant_0_0/synth/system_xlconstant_0_0.v:53]
INFO: [Synth 8-6157] synthesizing module 'xlconstant_v1_1_7_xlconstant' [c:/Users/ehussain/Desktop/Projects/usb/usb.gen/sources_1/bd/system/ipshared/fcfc/hdl/xlconstant_v1_1_vl_rfs.v:23]
INFO: [Synth 8-6155] done synthesizing module 'xlconstant_v1_1_7_xlconstant' (0#1) [c:/Users/ehussain/Desktop/Projects/usb/usb.gen/sources_1/bd/system/ipshared/fcfc/hdl/xlconstant_v1_1_vl_rfs.v:23]
INFO: [Synth 8-6155] done synthesizing module 'system_xlconstant_0_0' (0#1) [c:/Users/ehussain/Desktop/Projects/usb/usb.gen/sources_1/bd/system/ip/system_xlconstant_0_0/synth/system_xlconstant_0_0.v:53]
INFO: [Synth 8-6155] done synthesizing module 'clocks_imp_1VOSGIY' (0#1) [c:/Users/ehussain/Desktop/Projects/usb/usb.gen/sources_1/bd/system/synth/system.v:158]
INFO: [Synth 8-6157] synthesizing module 'system_sys_register_0_2' [C:/Users/ehussain/Desktop/Projects/usb/usb.runs/synth_1/.Xil/Vivado-70672-ebrahim/realtime/system_sys_register_0_2_stub.v:5]
INFO: [Synth 8-6155] done synthesizing module 'system_sys_register_0_2' (0#1) [C:/Users/ehussain/Desktop/Projects/usb/usb.runs/synth_1/.Xil/Vivado-70672-ebrahim/realtime/system_sys_register_0_2_stub.v:5]
INFO: [Synth 8-6157] synthesizing module 'system_gpio_obuf_0_2' [C:/Users/ehussain/Desktop/Projects/usb/usb.runs/synth_1/.Xil/Vivado-70672-ebrahim/realtime/system_gpio_obuf_0_2_stub.v:5]
INFO: [Synth 8-6155] done synthesizing module 'system_gpio_obuf_0_2' (0#1) [C:/Users/ehussain/Desktop/Projects/usb/usb.runs/synth_1/.Xil/Vivado-70672-ebrahim/realtime/system_gpio_obuf_0_2_stub.v:5]
INFO: [Synth 8-6157] synthesizing module 'system_hex_display_0_0' [C:/Users/ehussain/Desktop/Projects/usb/usb.runs/synth_1/.Xil/Vivado-70672-ebrahim/realtime/system_hex_display_0_0_stub.v:5]
INFO: [Synth 8-6155] done synthesizing module 'system_hex_display_0_0' (0#1) [C:/Users/ehussain/Desktop/Projects/usb/usb.runs/synth_1/.Xil/Vivado-70672-ebrahim/realtime/system_hex_display_0_0_stub.v:5]
INFO: [Synth 8-6157] synthesizing module 'system_sys_register_0_0' [C:/Users/ehussain/Desktop/Projects/usb/usb.runs/synth_1/.Xil/Vivado-70672-ebrahim/realtime/system_sys_register_0_0_stub.v:5]
INFO: [Synth 8-6155] done synthesizing module 'system_sys_register_0_0' (0#1) [C:/Users/ehussain/Desktop/Projects/usb/usb.runs/synth_1/.Xil/Vivado-70672-ebrahim/realtime/system_sys_register_0_0_stub.v:5]
INFO: [Synth 8-6157] synthesizing module 'system_sys_register_1_0' [C:/Users/ehussain/Desktop/Projects/usb/usb.runs/synth_1/.Xil/Vivado-70672-ebrahim/realtime/system_sys_register_1_0_stub.v:5]
INFO: [Synth 8-6155] done synthesizing module 'system_sys_register_1_0' (0#1) [C:/Users/ehussain/Desktop/Projects/usb/usb.runs/synth_1/.Xil/Vivado-70672-ebrahim/realtime/system_sys_register_1_0_stub.v:5]
INFO: [Synth 8-6157] synthesizing module 'system_outsplitter_0_0' [C:/Users/ehussain/Desktop/Projects/usb/usb.runs/synth_1/.Xil/Vivado-70672-ebrahim/realtime/system_outsplitter_0_0_stub.v:5]
INFO: [Synth 8-6155] done synthesizing module 'system_outsplitter_0_0' (0#1) [C:/Users/ehussain/Desktop/Projects/usb/usb.runs/synth_1/.Xil/Vivado-70672-ebrahim/realtime/system_outsplitter_0_0_stub.v:5]
INFO: [Synth 8-6157] synthesizing module 'system_sys_register_0_1' [C:/Users/ehussain/Desktop/Projects/usb/usb.runs/synth_1/.Xil/Vivado-70672-ebrahim/realtime/system_sys_register_0_1_stub.v:5]
INFO: [Synth 8-6155] done synthesizing module 'system_sys_register_0_1' (0#1) [C:/Users/ehussain/Desktop/Projects/usb/usb.runs/synth_1/.Xil/Vivado-70672-ebrahim/realtime/system_sys_register_0_1_stub.v:5]
INFO: [Synth 8-6157] synthesizing module 'system_usb_dll_0_0' [C:/Users/ehussain/Desktop/Projects/usb/usb.runs/synth_1/.Xil/Vivado-70672-ebrahim/realtime/system_usb_dll_0_0_stub.v:5]
INFO: [Synth 8-6155] done synthesizing module 'system_usb_dll_0_0' (0#1) [C:/Users/ehussain/Desktop/Projects/usb/usb.runs/synth_1/.Xil/Vivado-70672-ebrahim/realtime/system_usb_dll_0_0_stub.v:5]
WARNING: [Synth 8-7071] port 'count' of module 'system_usb_dll_0_0' is unconnected for instance 'usb_dll_0' [c:/Users/ehussain/Desktop/Projects/usb/usb.gen/sources_1/bd/system/synth/system.v:493]
WARNING: [Synth 8-7071] port 'edgedetect' of module 'system_usb_dll_0_0' is unconnected for instance 'usb_dll_0' [c:/Users/ehussain/Desktop/Projects/usb/usb.gen/sources_1/bd/system/synth/system.v:493]
WARNING: [Synth 8-7023] instance 'usb_dll_0' of module 'system_usb_dll_0_0' has 6 connections declared, but only 4 given [c:/Users/ehussain/Desktop/Projects/usb/usb.gen/sources_1/bd/system/synth/system.v:493]
INFO: [Synth 8-6155] done synthesizing module 'system' (0#1) [c:/Users/ehussain/Desktop/Projects/usb/usb.gen/sources_1/bd/system/synth/system.v:178]
INFO: [Synth 8-6155] done synthesizing module 'system_wrapper' (0#1) [C:/Users/ehussain/Desktop/Projects/usb/usb.gen/sources_1/bd/system/hdl/system_wrapper.v:12]
WARNING: [Synth 8-3848] Net LD8 in module/entity system does not have driver. [c:/Users/ehussain/Desktop/Projects/usb/usb.gen/sources_1/bd/system/synth/system.v:325]
WARNING: [Synth 8-3848] Net LD9 in module/entity system does not have driver. [c:/Users/ehussain/Desktop/Projects/usb/usb.gen/sources_1/bd/system/synth/system.v:326]
WARNING: [Synth 8-7129] Port LD8 in module system is either unconnected or has no load
WARNING: [Synth 8-7129] Port LD9 in module system is either unconnected or has no load
WARNING: [Synth 8-7129] Port JA10 in module system is either unconnected or has no load
WARNING: [Synth 8-7129] Port JA2 in module system is either unconnected or has no load
WARNING: [Synth 8-7129] Port JA7 in module system is either unconnected or has no load
WARNING: [Synth 8-7129] Port JA8 in module system is either unconnected or has no load
WARNING: [Synth 8-7129] Port JA9 in module system is either unconnected or has no load
WARNING: [Synth 8-7129] Port JB10 in module system is either unconnected or has no load
WARNING: [Synth 8-7129] Port JB3 in module system is either unconnected or has no load
WARNING: [Synth 8-7129] Port JB4 in module system is either unconnected or has no load
WARNING: [Synth 8-7129] Port JB8 in module system is either unconnected or has no load
WARNING: [Synth 8-7129] Port JB9 in module system is either unconnected or has no load
WARNING: [Synth 8-7129] Port JC10 in module system is either unconnected or has no load
WARNING: [Synth 8-7129] Port JC3 in module system is either unconnected or has no load
WARNING: [Synth 8-7129] Port JC4 in module system is either unconnected or has no load
WARNING: [Synth 8-7129] Port JC7 in module system is either unconnected or has no load
WARNING: [Synth 8-7129] Port JC8 in module system is either unconnected or has no load
WARNING: [Synth 8-7129] Port JC9 in module system is either unconnected or has no load
WARNING: [Synth 8-7129] Port JX1 in module system is either unconnected or has no load
WARNING: [Synth 8-7129] Port JX10 in module system is either unconnected or has no load
WARNING: [Synth 8-7129] Port JX2 in module system is either unconnected or has no load
WARNING: [Synth 8-7129] Port JX3 in module system is either unconnected or has no load
WARNING: [Synth 8-7129] Port JX4 in module system is either unconnected or has no load
WARNING: [Synth 8-7129] Port JX7 in module system is either unconnected or has no load
WARNING: [Synth 8-7129] Port JX8 in module system is either unconnected or has no load
WARNING: [Synth 8-7129] Port JX9 in module system is either unconnected or has no load
WARNING: [Synth 8-7129] Port BTNC in module system is either unconnected or has no load
WARNING: [Synth 8-7129] Port BTND in module system is either unconnected or has no load
WARNING: [Synth 8-7129] Port BTNL in module system is either unconnected or has no load
WARNING: [Synth 8-7129] Port BTNR in module system is either unconnected or has no load
WARNING: [Synth 8-7129] Port BTNU in module system is either unconnected or has no load
WARNING: [Synth 8-7129] Port JB1 in module system is either unconnected or has no load
WARNING: [Synth 8-7129] Port SW0 in module system is either unconnected or has no load
WARNING: [Synth 8-7129] Port SW1 in module system is either unconnected or has no load
WARNING: [Synth 8-7129] Port SW10 in module system is either unconnected or has no load
WARNING: [Synth 8-7129] Port SW11 in module system is either unconnected or has no load
WARNING: [Synth 8-7129] Port SW12 in module system is either unconnected or has no load
WARNING: [Synth 8-7129] Port SW13 in module system is either unconnected or has no load
WARNING: [Synth 8-7129] Port SW14 in module system is either unconnected or has no load
WARNING: [Synth 8-7129] Port SW15 in module system is either unconnected or has no load
WARNING: [Synth 8-7129] Port SW2 in module system is either unconnected or has no load
WARNING: [Synth 8-7129] Port SW3 in module system is either unconnected or has no load
WARNING: [Synth 8-7129] Port SW4 in module system is either unconnected or has no load
WARNING: [Synth 8-7129] Port SW5 in module system is either unconnected or has no load
WARNING: [Synth 8-7129] Port SW6 in module system is either unconnected or has no load
WARNING: [Synth 8-7129] Port SW7 in module system is either unconnected or has no load
WARNING: [Synth 8-7129] Port SW8 in module system is either unconnected or has no load
WARNING: [Synth 8-7129] Port SW9 in module system is either unconnected or has no load
---------------------------------------------------------------------------------
Finished RTL Elaboration : Time (s): cpu = 00:00:06 ; elapsed = 00:00:06 . Memory (MB): peak = 1293.770 ; gain = 0.000
---------------------------------------------------------------------------------
---------------------------------------------------------------------------------
Start Handling Custom Attributes
---------------------------------------------------------------------------------
---------------------------------------------------------------------------------
Finished Handling Custom Attributes : Time (s): cpu = 00:00:06 ; elapsed = 00:00:06 . Memory (MB): peak = 1293.770 ; gain = 0.000
---------------------------------------------------------------------------------
---------------------------------------------------------------------------------
Finished RTL Optimization Phase 1 : Time (s): cpu = 00:00:06 ; elapsed = 00:00:06 . Memory (MB): peak = 1293.770 ; gain = 0.000
---------------------------------------------------------------------------------
Netlist sorting complete. Time (s): cpu = 00:00:00 ; elapsed = 00:00:00.002 . Memory (MB): peak = 1293.770 ; gain = 0.000
INFO: [Project 1-570] Preparing netlist for logic optimization

Processing XDC Constraints
Initializing timing engine
Parsing XDC File [c:/Users/ehussain/Desktop/Projects/usb/usb.gen/sources_1/bd/system/ip/system_clk_in_bufg_0_0/system_clk_in_bufg_0_0/system_clk_in_bufg_0_0_in_context.xdc] for cell 'system_i/clk_in_bufg_0'
Finished Parsing XDC File [c:/Users/ehussain/Desktop/Projects/usb/usb.gen/sources_1/bd/system/ip/system_clk_in_bufg_0_0/system_clk_in_bufg_0_0/system_clk_in_bufg_0_0_in_context.xdc] for cell 'system_i/clk_in_bufg_0'
Parsing XDC File [c:/Users/ehussain/Desktop/Projects/usb/usb.gen/sources_1/bd/system/ip/system_variable_clock_div_1_0/system_variable_clock_div_1_0/system_variable_clock_div_1_0_in_context.xdc] for cell 'system_i/clocks/clock_1h'
Finished Parsing XDC File [c:/Users/ehussain/Desktop/Projects/usb/usb.gen/sources_1/bd/system/ip/system_variable_clock_div_1_0/system_variable_clock_div_1_0/system_variable_clock_div_1_0_in_context.xdc] for cell 'system_i/clocks/clock_1h'
Parsing XDC File [c:/Users/ehussain/Desktop/Projects/usb/usb.gen/sources_1/bd/system/ip/system_gpio_obuf_4_0/system_gpio_obuf_4_0/system_gpio_obuf_0_0_in_context.xdc] for cell 'system_i/UART_rx/gpio_obuf_4'
Finished Parsing XDC File [c:/Users/ehussain/Desktop/Projects/usb/usb.gen/sources_1/bd/system/ip/system_gpio_obuf_4_0/system_gpio_obuf_4_0/system_gpio_obuf_0_0_in_context.xdc] for cell 'system_i/UART_rx/gpio_obuf_4'
Parsing XDC File [c:/Users/ehussain/Desktop/Projects/usb/usb.gen/sources_1/bd/system/ip/system_gpio_obuf_3_0/system_gpio_obuf_3_0/system_gpio_obuf_0_0_in_context.xdc] for cell 'system_i/UART_rx/gpio_obuf_3'
Finished Parsing XDC File [c:/Users/ehussain/Desktop/Projects/usb/usb.gen/sources_1/bd/system/ip/system_gpio_obuf_3_0/system_gpio_obuf_3_0/system_gpio_obuf_0_0_in_context.xdc] for cell 'system_i/UART_rx/gpio_obuf_3'
Parsing XDC File [c:/Users/ehussain/Desktop/Projects/usb/usb.gen/sources_1/bd/system/ip/system_uart_rx_0_0/system_uart_rx_0_0/system_uart_rx_0_0_in_context.xdc] for cell 'system_i/UART_rx/uart_rx_0'
Finished Parsing XDC File [c:/Users/ehussain/Desktop/Projects/usb/usb.gen/sources_1/bd/system/ip/system_uart_rx_0_0/system_uart_rx_0_0/system_uart_rx_0_0_in_context.xdc] for cell 'system_i/UART_rx/uart_rx_0'
Parsing XDC File [c:/Users/ehussain/Desktop/Projects/usb/usb.gen/sources_1/bd/system/ip/system_uart_rx_reg_0_0/system_uart_rx_reg_0_0/system_uart_rx_reg_0_0_in_context.xdc] for cell 'system_i/UART_rx/uart_rx_reg_0'
Finished Parsing XDC File [c:/Users/ehussain/Desktop/Projects/usb/usb.gen/sources_1/bd/system/ip/system_uart_rx_reg_0_0/system_uart_rx_reg_0_0/system_uart_rx_reg_0_0_in_context.xdc] for cell 'system_i/UART_rx/uart_rx_reg_0'
Parsing XDC File [c:/Users/ehussain/Desktop/Projects/usb/usb.gen/sources_1/bd/system/ip/system_uart_rx_interpreter_0_0/system_uart_rx_interpreter_0_0/system_uart_rx_interpreter_0_0_in_context.xdc] for cell 'system_i/UART_rx/uart_rx_interpreter_0'
Finished Parsing XDC File [c:/Users/ehussain/Desktop/Projects/usb/usb.gen/sources_1/bd/system/ip/system_uart_rx_interpreter_0_0/system_uart_rx_interpreter_0_0/system_uart_rx_interpreter_0_0_in_context.xdc] for cell 'system_i/UART_rx/uart_rx_interpreter_0'
Parsing XDC File [c:/Users/ehussain/Desktop/Projects/usb/usb.gen/sources_1/bd/system/ip/system_outsplitter_0_0/system_outsplitter_0_0/system_outsplitter_0_0_in_context.xdc] for cell 'system_i/outsplitter_0'
Finished Parsing XDC File [c:/Users/ehussain/Desktop/Projects/usb/usb.gen/sources_1/bd/system/ip/system_outsplitter_0_0/system_outsplitter_0_0/system_outsplitter_0_0_in_context.xdc] for cell 'system_i/outsplitter_0'
Parsing XDC File [c:/Users/ehussain/Desktop/Projects/usb/usb.gen/sources_1/bd/system/ip/system_hex_display_0_0/system_hex_display_0_0/system_hex_display_0_0_in_context.xdc] for cell 'system_i/hex_display_0'
Finished Parsing XDC File [c:/Users/ehussain/Desktop/Projects/usb/usb.gen/sources_1/bd/system/ip/system_hex_display_0_0/system_hex_display_0_0/system_hex_display_0_0_in_context.xdc] for cell 'system_i/hex_display_0'
Parsing XDC File [c:/Users/ehussain/Desktop/Projects/usb/usb.gen/sources_1/bd/system/ip/system_sys_register_0_0/system_sys_register_0_0/system_sys_register_0_0_in_context.xdc] for cell 'system_i/led_1_reg_a'
Finished Parsing XDC File [c:/Users/ehussain/Desktop/Projects/usb/usb.gen/sources_1/bd/system/ip/system_sys_register_0_0/system_sys_register_0_0/system_sys_register_0_0_in_context.xdc] for cell 'system_i/led_1_reg_a'
Parsing XDC File [c:/Users/ehussain/Desktop/Projects/usb/usb.gen/sources_1/bd/system/ip/system_sys_register_1_0/system_sys_register_1_0/system_sys_register_1_0_in_context.xdc] for cell 'system_i/led_2_reg_b'
Finished Parsing XDC File [c:/Users/ehussain/Desktop/Projects/usb/usb.gen/sources_1/bd/system/ip/system_sys_register_1_0/system_sys_register_1_0/system_sys_register_1_0_in_context.xdc] for cell 'system_i/led_2_reg_b'
Parsing XDC File [c:/Users/ehussain/Desktop/Projects/usb/usb.gen/sources_1/bd/system/ip/system_sys_register_0_1/system_sys_register_0_1/system_sys_register_0_1_in_context.xdc] for cell 'system_i/reg_c'
Finished Parsing XDC File [c:/Users/ehussain/Desktop/Projects/usb/usb.gen/sources_1/bd/system/ip/system_sys_register_0_1/system_sys_register_0_1/system_sys_register_0_1_in_context.xdc] for cell 'system_i/reg_c'
Parsing XDC File [c:/Users/ehussain/Desktop/Projects/usb/usb.gen/sources_1/bd/system/ip/system_uart_tx_0_0/system_uart_tx_0_0/system_uart_tx_0_0_in_context.xdc] for cell 'system_i/UART_tx/uart_tx_0'
Finished Parsing XDC File [c:/Users/ehussain/Desktop/Projects/usb/usb.gen/sources_1/bd/system/ip/system_uart_tx_0_0/system_uart_tx_0_0/system_uart_tx_0_0_in_context.xdc] for cell 'system_i/UART_tx/uart_tx_0'
Parsing XDC File [c:/Users/ehussain/Desktop/Projects/usb/usb.gen/sources_1/bd/system/ip/system_gpio_obuf_3_1/system_gpio_obuf_3_1/system_gpio_obuf_0_0_in_context.xdc] for cell 'system_i/UART_tx/gpio_obuf_3'
Finished Parsing XDC File [c:/Users/ehussain/Desktop/Projects/usb/usb.gen/sources_1/bd/system/ip/system_gpio_obuf_3_1/system_gpio_obuf_3_1/system_gpio_obuf_0_0_in_context.xdc] for cell 'system_i/UART_tx/gpio_obuf_3'
Parsing XDC File [c:/Users/ehussain/Desktop/Projects/usb/usb.gen/sources_1/bd/system/ip/system_gpio_obuf_1_1/system_gpio_obuf_1_1/system_gpio_obuf_0_0_in_context.xdc] for cell 'system_i/UART_tx/gpio_obuf_1'
Finished Parsing XDC File [c:/Users/ehussain/Desktop/Projects/usb/usb.gen/sources_1/bd/system/ip/system_gpio_obuf_1_1/system_gpio_obuf_1_1/system_gpio_obuf_0_0_in_context.xdc] for cell 'system_i/UART_tx/gpio_obuf_1'
Parsing XDC File [c:/Users/ehussain/Desktop/Projects/usb/usb.gen/sources_1/bd/system/ip/system_gpio_obuf_0_1/system_gpio_obuf_0_1/system_gpio_obuf_0_0_in_context.xdc] for cell 'system_i/UART_tx/gpio_obuf_0'
Finished Parsing XDC File [c:/Users/ehussain/Desktop/Projects/usb/usb.gen/sources_1/bd/system/ip/system_gpio_obuf_0_1/system_gpio_obuf_0_1/system_gpio_obuf_0_0_in_context.xdc] for cell 'system_i/UART_tx/gpio_obuf_0'
Parsing XDC File [c:/Users/ehussain/Desktop/Projects/usb/usb.gen/sources_1/bd/system/ip/system_uart_tx_viewer_0_0/system_uart_tx_viewer_0_0/system_uart_tx_viewer_0_0_in_context.xdc] for cell 'system_i/UART_tx/uart_tx_viewer_0'
Finished Parsing XDC File [c:/Users/ehussain/Desktop/Projects/usb/usb.gen/sources_1/bd/system/ip/system_uart_tx_viewer_0_0/system_uart_tx_viewer_0_0/system_uart_tx_viewer_0_0_in_context.xdc] for cell 'system_i/UART_tx/uart_tx_viewer_0'
Parsing XDC File [c:/Users/ehussain/Desktop/Projects/usb/usb.gen/sources_1/bd/system/ip/system_sys_register_0_2/system_sys_register_0_2/system_sys_register_0_2_in_context.xdc] for cell 'system_i/dll_phase_reg_p'
Finished Parsing XDC File [c:/Users/ehussain/Desktop/Projects/usb/usb.gen/sources_1/bd/system/ip/system_sys_register_0_2/system_sys_register_0_2/system_sys_register_0_2_in_context.xdc] for cell 'system_i/dll_phase_reg_p'
Parsing XDC File [c:/Users/ehussain/Desktop/Projects/usb/usb.gen/sources_1/bd/system/ip/system_gpio_obuf_0_2/system_gpio_obuf_0_2/system_gpio_obuf_0_0_in_context.xdc] for cell 'system_i/gpio_obuf_0'
Finished Parsing XDC File [c:/Users/ehussain/Desktop/Projects/usb/usb.gen/sources_1/bd/system/ip/system_gpio_obuf_0_2/system_gpio_obuf_0_2/system_gpio_obuf_0_0_in_context.xdc] for cell 'system_i/gpio_obuf_0'
Parsing XDC File [c:/Users/ehussain/Desktop/Projects/usb/usb.gen/sources_1/bd/system/ip/system_usb_dll_0_0/system_usb_dll_0_0/system_usb_dll_0_0_in_context.xdc] for cell 'system_i/usb_dll_0'
Finished Parsing XDC File [c:/Users/ehussain/Desktop/Projects/usb/usb.gen/sources_1/bd/system/ip/system_usb_dll_0_0/system_usb_dll_0_0/system_usb_dll_0_0_in_context.xdc] for cell 'system_i/usb_dll_0'
Parsing XDC File [C:/Users/ehussain/Desktop/Projects/usb/config/cfg/ports.xdc]
WARNING: [Vivado 12-4702] SLEW is not a supported property on input port(s). Setting is ignored. [C:/Users/ehussain/Desktop/Projects/usb/config/cfg/ports.xdc:291]
WARNING: [Vivado 12-4702] SLEW is not a supported property on input port(s). Setting is ignored. [C:/Users/ehussain/Desktop/Projects/usb/config/cfg/ports.xdc:292]
WARNING: [Vivado 12-4702] SLEW is not a supported property on input port(s). Setting is ignored. [C:/Users/ehussain/Desktop/Projects/usb/config/cfg/ports.xdc:300]
Finished Parsing XDC File [C:/Users/ehussain/Desktop/Projects/usb/config/cfg/ports.xdc]
INFO: [Project 1-236] Implementation specific constraints were found while reading constraint file [C:/Users/ehussain/Desktop/Projects/usb/config/cfg/ports.xdc]. These constraints will be ignored for synthesis but will be used in implementation. Impacted constraints are listed in the file [.Xil/system_wrapper_propImpl.xdc].
Resolution: To avoid this warning, move constraints listed in [.Xil/system_wrapper_propImpl.xdc] to another XDC file and exclude this new file from synthesis with the used_in_synthesis property (File Properties dialog in GUI) and re-run elaboration/synthesis.
Parsing XDC File [C:/Users/ehussain/Desktop/Projects/usb/config/cfg/clocks.xdc]
Finished Parsing XDC File [C:/Users/ehussain/Desktop/Projects/usb/config/cfg/clocks.xdc]
Parsing XDC File [C:/Users/ehussain/Desktop/Projects/usb/usb.runs/synth_1/dont_touch.xdc]
Finished Parsing XDC File [C:/Users/ehussain/Desktop/Projects/usb/usb.runs/synth_1/dont_touch.xdc]
Completed Processing XDC Constraints

Netlist sorting complete. Time (s): cpu = 00:00:00 ; elapsed = 00:00:00 . Memory (MB): peak = 1293.770 ; gain = 0.000
INFO: [Project 1-111] Unisim Transformation Summary:
No Unisim elements were transformed.

Constraint Validation Runtime : Time (s): cpu = 00:00:00 ; elapsed = 00:00:00.005 . Memory (MB): peak = 1293.770 ; gain = 0.000
INFO: [Designutils 20-5440] No compile time benefit to using incremental synthesis; A full resynthesis will be run
INFO: [Designutils 20-4379] Flow is switching to default flow due to incremental criteria not met. If you would like to alter this behaviour and have the flow terminate instead, please set the following parameter config_implementation {autoIncr.Synth.RejectBehavior Terminate}
---------------------------------------------------------------------------------
Finished Constraint Validation : Time (s): cpu = 00:00:12 ; elapsed = 00:00:13 . Memory (MB): peak = 1293.770 ; gain = 0.000
---------------------------------------------------------------------------------
---------------------------------------------------------------------------------
Start Loading Part and Timing Information
---------------------------------------------------------------------------------
Loading part: xc7a35tcpg236-1
---------------------------------------------------------------------------------
Finished Loading Part and Timing Information : Time (s): cpu = 00:00:12 ; elapsed = 00:00:13 . Memory (MB): peak = 1293.770 ; gain = 0.000
---------------------------------------------------------------------------------
---------------------------------------------------------------------------------
Start Applying 'set_property' XDC Constraints
---------------------------------------------------------------------------------
Applied set_property IO_BUFFER_TYPE = NONE for JA1. (constraint file  c:/Users/ehussain/Desktop/Projects/usb/usb.gen/sources_1/bd/system/ip/system_gpio_obuf_3_0/system_gpio_obuf_3_0/system_gpio_obuf_0_0_in_context.xdc, line 1).
Applied set_property CLOCK_BUFFER_TYPE = NONE for JA1. (constraint file  c:/Users/ehussain/Desktop/Projects/usb/usb.gen/sources_1/bd/system/ip/system_gpio_obuf_3_0/system_gpio_obuf_3_0/system_gpio_obuf_0_0_in_context.xdc, line 2).
Applied set_property IO_BUFFER_TYPE = NONE for JA4. (constraint file  c:/Users/ehussain/Desktop/Projects/usb/usb.gen/sources_1/bd/system/ip/system_gpio_obuf_3_1/system_gpio_obuf_3_1/system_gpio_obuf_0_0_in_context.xdc, line 1).
Applied set_property CLOCK_BUFFER_TYPE = NONE for JA4. (constraint file  c:/Users/ehussain/Desktop/Projects/usb/usb.gen/sources_1/bd/system/ip/system_gpio_obuf_3_1/system_gpio_obuf_3_1/system_gpio_obuf_0_0_in_context.xdc, line 2).
Applied set_property IO_BUFFER_TYPE = NONE for JA3. (constraint file  c:/Users/ehussain/Desktop/Projects/usb/usb.gen/sources_1/bd/system/ip/system_gpio_obuf_1_1/system_gpio_obuf_1_1/system_gpio_obuf_0_0_in_context.xdc, line 1).
Applied set_property CLOCK_BUFFER_TYPE = NONE for JA3. (constraint file  c:/Users/ehussain/Desktop/Projects/usb/usb.gen/sources_1/bd/system/ip/system_gpio_obuf_1_1/system_gpio_obuf_1_1/system_gpio_obuf_0_0_in_context.xdc, line 2).
Applied set_property IO_BUFFER_TYPE = NONE for JC1. (constraint file  c:/Users/ehussain/Desktop/Projects/usb/usb.gen/sources_1/bd/system/ip/system_gpio_obuf_0_1/system_gpio_obuf_0_1/system_gpio_obuf_0_0_in_context.xdc, line 1).
Applied set_property CLOCK_BUFFER_TYPE = NONE for JC1. (constraint file  c:/Users/ehussain/Desktop/Projects/usb/usb.gen/sources_1/bd/system/ip/system_gpio_obuf_0_1/system_gpio_obuf_0_1/system_gpio_obuf_0_0_in_context.xdc, line 2).
Applied set_property IO_BUFFER_TYPE = NONE for JB7. (constraint file  c:/Users/ehussain/Desktop/Projects/usb/usb.gen/sources_1/bd/system/ip/system_gpio_obuf_0_2/system_gpio_obuf_0_2/system_gpio_obuf_0_0_in_context.xdc, line 1).
Applied set_property CLOCK_BUFFER_TYPE = NONE for JB7. (constraint file  c:/Users/ehussain/Desktop/Projects/usb/usb.gen/sources_1/bd/system/ip/system_gpio_obuf_0_2/system_gpio_obuf_0_2/system_gpio_obuf_0_0_in_context.xdc, line 2).
Applied set_property KEEP_HIERARCHY = SOFT for system_i. (constraint file  auto generated constraint).
Applied set_property KEEP_HIERARCHY = SOFT for system_i/clk_in_bufg_0. (constraint file  auto generated constraint).
Applied set_property KEEP_HIERARCHY = SOFT for system_i/clocks/xlconstant_0. (constraint file  auto generated constraint).
Applied set_property KEEP_HIERARCHY = SOFT for system_i/clocks/clock_1h. (constraint file  auto generated constraint).
Applied set_property KEEP_HIERARCHY = SOFT for system_i/UART_rx/gpio_obuf_4. (constraint file  auto generated constraint).
Applied set_property KEEP_HIERARCHY = SOFT for system_i/UART_rx/gpio_obuf_3. (constraint file  auto generated constraint).
Applied set_property KEEP_HIERARCHY = SOFT for system_i/UART_rx/uart_rx_0. (constraint file  auto generated constraint).
Applied set_property KEEP_HIERARCHY = SOFT for system_i/UART_rx/uart_rx_reg_0. (constraint file  auto generated constraint).
Applied set_property KEEP_HIERARCHY = SOFT for system_i/UART_rx/uart_rx_interpreter_0. (constraint file  auto generated constraint).
Applied set_property KEEP_HIERARCHY = SOFT for system_i/outsplitter_0. (constraint file  auto generated constraint).
Applied set_property KEEP_HIERARCHY = SOFT for system_i/hex_display_0. (constraint file  auto generated constraint).
Applied set_property KEEP_HIERARCHY = SOFT for system_i/led_1_reg_a. (constraint file  auto generated constraint).
Applied set_property KEEP_HIERARCHY = SOFT for system_i/led_2_reg_b. (constraint file  auto generated constraint).
Applied set_property KEEP_HIERARCHY = SOFT for system_i/reg_c. (constraint file  auto generated constraint).
Applied set_property KEEP_HIERARCHY = SOFT for system_i/UART_tx/uart_tx_0. (constraint file  auto generated constraint).
Applied set_property KEEP_HIERARCHY = SOFT for system_i/UART_tx/gpio_obuf_3. (constraint file  auto generated constraint).
Applied set_property KEEP_HIERARCHY = SOFT for system_i/UART_tx/gpio_obuf_1. (constraint file  auto generated constraint).
Applied set_property KEEP_HIERARCHY = SOFT for system_i/UART_tx/gpio_obuf_0. (constraint file  auto generated constraint).
Applied set_property KEEP_HIERARCHY = SOFT for system_i/UART_tx/uart_tx_viewer_0. (constraint file  auto generated constraint).
Applied set_property KEEP_HIERARCHY = SOFT for system_i/dll_phase_reg_p. (constraint file  auto generated constraint).
Applied set_property KEEP_HIERARCHY = SOFT for system_i/gpio_obuf_0. (constraint file  auto generated constraint).
Applied set_property KEEP_HIERARCHY = SOFT for system_i/usb_dll_0. (constraint file  auto generated constraint).
---------------------------------------------------------------------------------
Finished applying 'set_property' XDC Constraints : Time (s): cpu = 00:00:12 ; elapsed = 00:00:13 . Memory (MB): peak = 1293.770 ; gain = 0.000
---------------------------------------------------------------------------------
---------------------------------------------------------------------------------
Finished RTL Optimization Phase 2 : Time (s): cpu = 00:00:12 ; elapsed = 00:00:13 . Memory (MB): peak = 1293.770 ; gain = 0.000
---------------------------------------------------------------------------------
---------------------------------------------------------------------------------
Start RTL Component Statistics 
---------------------------------------------------------------------------------
Detailed RTL Component Info : 
---------------------------------------------------------------------------------
Finished RTL Component Statistics 
---------------------------------------------------------------------------------
---------------------------------------------------------------------------------
Start Part Resource Summary
---------------------------------------------------------------------------------
Part Resources:
DSPs: 90 (col length:60)
BRAMs: 100 (col length: RAMB18 60 RAMB36 30)
---------------------------------------------------------------------------------
Finished Part Resource Summary
---------------------------------------------------------------------------------
---------------------------------------------------------------------------------
Start Cross Boundary and Area Optimization
---------------------------------------------------------------------------------
WARNING: [Synth 8-7080] Parallel synthesis criteria is not met
WARNING: [Synth 8-7129] Port LD8 in module system is either unconnected or has no load
WARNING: [Synth 8-7129] Port LD9 in module system is either unconnected or has no load
WARNING: [Synth 8-7129] Port JA10 in module system is either unconnected or has no load
WARNING: [Synth 8-7129] Port JA2 in module system is either unconnected or has no load
WARNING: [Synth 8-7129] Port JA7 in module system is either unconnected or has no load
WARNING: [Synth 8-7129] Port JA8 in module system is either unconnected or has no load
WARNING: [Synth 8-7129] Port JA9 in module system is either unconnected or has no load
WARNING: [Synth 8-7129] Port JB10 in module system is either unconnected or has no load
WARNING: [Synth 8-7129] Port JB3 in module system is either unconnected or has no load
WARNING: [Synth 8-7129] Port JB4 in module system is either unconnected or has no load
WARNING: [Synth 8-7129] Port JB8 in module system is either unconnected or has no load
WARNING: [Synth 8-7129] Port JB9 in module system is either unconnected or has no load
WARNING: [Synth 8-7129] Port JC10 in module system is either unconnected or has no load
WARNING: [Synth 8-7129] Port JC3 in module system is either unconnected or has no load
WARNING: [Synth 8-7129] Port JC4 in module system is either unconnected or has no load
WARNING: [Synth 8-7129] Port JC7 in module system is either unconnected or has no load
WARNING: [Synth 8-7129] Port JC8 in module system is either unconnected or has no load
WARNING: [Synth 8-7129] Port JC9 in module system is either unconnected or has no load
WARNING: [Synth 8-7129] Port JX1 in module system is either unconnected or has no load
WARNING: [Synth 8-7129] Port JX10 in module system is either unconnected or has no load
WARNING: [Synth 8-7129] Port JX2 in module system is either unconnected or has no load
WARNING: [Synth 8-7129] Port JX3 in module system is either unconnected or has no load
WARNING: [Synth 8-7129] Port JX4 in module system is either unconnected or has no load
WARNING: [Synth 8-7129] Port JX7 in module system is either unconnected or has no load
WARNING: [Synth 8-7129] Port JX8 in module system is either unconnected or has no load
WARNING: [Synth 8-7129] Port JX9 in module system is either unconnected or has no load
WARNING: [Synth 8-7129] Port BTNC in module system is either unconnected or has no load
WARNING: [Synth 8-7129] Port BTND in module system is either unconnected or has no load
WARNING: [Synth 8-7129] Port BTNL in module system is either unconnected or has no load
WARNING: [Synth 8-7129] Port BTNR in module system is either unconnected or has no load
WARNING: [Synth 8-7129] Port BTNU in module system is either unconnected or has no load
WARNING: [Synth 8-7129] Port JB1 in module system is either unconnected or has no load
WARNING: [Synth 8-7129] Port SW0 in module system is either unconnected or has no load
WARNING: [Synth 8-7129] Port SW1 in module system is either unconnected or has no load
WARNING: [Synth 8-7129] Port SW10 in module system is either unconnected or has no load
WARNING: [Synth 8-7129] Port SW11 in module system is either unconnected or has no load
WARNING: [Synth 8-7129] Port SW12 in module system is either unconnected or has no load
WARNING: [Synth 8-7129] Port SW13 in module system is either unconnected or has no load
WARNING: [Synth 8-7129] Port SW14 in module system is either unconnected or has no load
WARNING: [Synth 8-7129] Port SW15 in module system is either unconnected or has no load
WARNING: [Synth 8-7129] Port SW2 in module system is either unconnected or has no load
WARNING: [Synth 8-7129] Port SW3 in module system is either unconnected or has no load
WARNING: [Synth 8-7129] Port SW4 in module system is either unconnected or has no load
WARNING: [Synth 8-7129] Port SW5 in module system is either unconnected or has no load
WARNING: [Synth 8-7129] Port SW6 in module system is either unconnected or has no load
WARNING: [Synth 8-7129] Port SW7 in module system is either unconnected or has no load
WARNING: [Synth 8-7129] Port SW8 in module system is either unconnected or has no load
WARNING: [Synth 8-7129] Port SW9 in module system is either unconnected or has no load
---------------------------------------------------------------------------------
Finished Cross Boundary and Area Optimization : Time (s): cpu = 00:00:14 ; elapsed = 00:00:14 . Memory (MB): peak = 1293.770 ; gain = 0.000
---------------------------------------------------------------------------------
---------------------------------------------------------------------------------
Start Applying XDC Timing Constraints
---------------------------------------------------------------------------------
---------------------------------------------------------------------------------
Finished Applying XDC Timing Constraints : Time (s): cpu = 00:00:18 ; elapsed = 00:00:20 . Memory (MB): peak = 1293.770 ; gain = 0.000
---------------------------------------------------------------------------------
---------------------------------------------------------------------------------
Start Timing Optimization
---------------------------------------------------------------------------------
---------------------------------------------------------------------------------
Finished Timing Optimization : Time (s): cpu = 00:00:18 ; elapsed = 00:00:20 . Memory (MB): peak = 1293.770 ; gain = 0.000
---------------------------------------------------------------------------------
---------------------------------------------------------------------------------
Start Technology Mapping
---------------------------------------------------------------------------------
---------------------------------------------------------------------------------
Finished Technology Mapping : Time (s): cpu = 00:00:19 ; elapsed = 00:00:20 . Memory (MB): peak = 1293.770 ; gain = 0.000
---------------------------------------------------------------------------------
---------------------------------------------------------------------------------
Start IO Insertion
---------------------------------------------------------------------------------
---------------------------------------------------------------------------------
Start Flattening Before IO Insertion
---------------------------------------------------------------------------------
---------------------------------------------------------------------------------
Finished Flattening Before IO Insertion
---------------------------------------------------------------------------------
---------------------------------------------------------------------------------
Start Final Netlist Cleanup
---------------------------------------------------------------------------------
---------------------------------------------------------------------------------
Finished Final Netlist Cleanup
---------------------------------------------------------------------------------
---------------------------------------------------------------------------------
Finished IO Insertion : Time (s): cpu = 00:00:22 ; elapsed = 00:00:23 . Memory (MB): peak = 1293.770 ; gain = 0.000
---------------------------------------------------------------------------------
---------------------------------------------------------------------------------
Start Renaming Generated Instances
---------------------------------------------------------------------------------
---------------------------------------------------------------------------------
Finished Renaming Generated Instances : Time (s): cpu = 00:00:22 ; elapsed = 00:00:23 . Memory (MB): peak = 1293.770 ; gain = 0.000
---------------------------------------------------------------------------------
---------------------------------------------------------------------------------
Start Rebuilding User Hierarchy
---------------------------------------------------------------------------------
---------------------------------------------------------------------------------
Finished Rebuilding User Hierarchy : Time (s): cpu = 00:00:22 ; elapsed = 00:00:23 . Memory (MB): peak = 1293.770 ; gain = 0.000
---------------------------------------------------------------------------------
---------------------------------------------------------------------------------
Start Renaming Generated Ports
---------------------------------------------------------------------------------
---------------------------------------------------------------------------------
Finished Renaming Generated Ports : Time (s): cpu = 00:00:22 ; elapsed = 00:00:23 . Memory (MB): peak = 1293.770 ; gain = 0.000
---------------------------------------------------------------------------------
---------------------------------------------------------------------------------
Start Handling Custom Attributes
---------------------------------------------------------------------------------
---------------------------------------------------------------------------------
Finished Handling Custom Attributes : Time (s): cpu = 00:00:22 ; elapsed = 00:00:23 . Memory (MB): peak = 1293.770 ; gain = 0.000
---------------------------------------------------------------------------------
---------------------------------------------------------------------------------
Start Renaming Generated Nets
---------------------------------------------------------------------------------
---------------------------------------------------------------------------------
Finished Renaming Generated Nets : Time (s): cpu = 00:00:22 ; elapsed = 00:00:23 . Memory (MB): peak = 1293.770 ; gain = 0.000
---------------------------------------------------------------------------------
---------------------------------------------------------------------------------
Start Writing Synthesis Report
---------------------------------------------------------------------------------

Report BlackBoxes: 
+------+-------------------------------+----------+
|      |BlackBox name                  |Instances |
+------+-------------------------------+----------+
|1     |system_clk_in_bufg_0_0         |         1|
|2     |system_sys_register_0_2        |         1|
|3     |system_gpio_obuf_0_2           |         1|
|4     |system_hex_display_0_0         |         1|
|5     |system_sys_register_0_0        |         1|
|6     |system_sys_register_1_0        |         1|
|7     |system_outsplitter_0_0         |         1|
|8     |system_sys_register_0_1        |         1|
|9     |system_usb_dll_0_0             |         1|
|10    |system_gpio_obuf_3_0           |         1|
|11    |system_gpio_obuf_4_0           |         1|
|12    |system_uart_rx_0_0             |         1|
|13    |system_uart_rx_interpreter_0_0 |         1|
|14    |system_uart_rx_reg_0_0         |         1|
|15    |system_gpio_obuf_0_1           |         1|
|16    |system_gpio_obuf_1_1           |         1|
|17    |system_gpio_obuf_3_1           |         1|
|18    |system_uart_tx_0_0             |         1|
|19    |system_uart_tx_viewer_0_0      |         1|
|20    |system_variable_clock_div_1_0  |         1|
+------+-------------------------------+----------+

Report Cell Usage: 
+------+-----------------------------+------+
|      |Cell                         |Count |
+------+-----------------------------+------+
|1     |system_clk_in_bufg_0         |     1|
|2     |system_gpio_obuf_0           |     2|
|4     |system_gpio_obuf_1           |     1|
|5     |system_gpio_obuf_3           |     2|
|7     |system_gpio_obuf_4           |     1|
|8     |system_hex_display_0         |     1|
|9     |system_outsplitter_0         |     1|
|10    |system_sys_register_0        |     3|
|13    |system_sys_register_1        |     1|
|14    |system_uart_rx_0             |     1|
|15    |system_uart_rx_interpreter_0 |     1|
|16    |system_uart_rx_reg_0         |     1|
|17    |system_uart_tx_0             |     1|
|18    |system_uart_tx_viewer_0      |     1|
|19    |system_usb_dll_0             |     1|
|20    |system_variable_clock_div_1  |     1|
|21    |IBUF                         |    27|
|22    |OBUF                         |    26|
|23    |OBUFT                        |     2|
+------+-----------------------------+------+
---------------------------------------------------------------------------------
Finished Writing Synthesis Report : Time (s): cpu = 00:00:22 ; elapsed = 00:00:23 . Memory (MB): peak = 1293.770 ; gain = 0.000
---------------------------------------------------------------------------------
Synthesis finished with 0 errors, 0 critical warnings and 49 warnings.
Synthesis Optimization Runtime : Time (s): cpu = 00:00:15 ; elapsed = 00:00:22 . Memory (MB): peak = 1293.770 ; gain = 0.000
Synthesis Optimization Complete : Time (s): cpu = 00:00:22 ; elapsed = 00:00:23 . Memory (MB): peak = 1293.770 ; gain = 0.000
INFO: [Project 1-571] Translating synthesized netlist
Netlist sorting complete. Time (s): cpu = 00:00:00 ; elapsed = 00:00:00.003 . Memory (MB): peak = 1293.770 ; gain = 0.000
INFO: [Project 1-570] Preparing netlist for logic optimization
INFO: [Opt 31-138] Pushed 0 inverter(s) to 0 load pin(s).
Netlist sorting complete. Time (s): cpu = 00:00:00 ; elapsed = 00:00:00 . Memory (MB): peak = 1297.711 ; gain = 0.000
INFO: [Project 1-111] Unisim Transformation Summary:
No Unisim elements were transformed.

Synth Design complete, checksum: c83c4864
INFO: [Common 17-83] Releasing license: Synthesis
76 Infos, 111 Warnings, 0 Critical Warnings and 0 Errors encountered.
synth_design completed successfully
synth_design: Time (s): cpu = 00:00:25 ; elapsed = 00:00:28 . Memory (MB): peak = 1297.711 ; gain = 3.941
INFO: [Common 17-1381] The checkpoint 'C:/Users/ehussain/Desktop/Projects/usb/usb.runs/synth_1/system_wrapper.dcp' has been generated.
INFO: [runtcl-4] Executing : report_utilization -file system_wrapper_utilization_synth.rpt -pb system_wrapper_utilization_synth.pb
INFO: [Common 17-206] Exiting Vivado at Sun Jan  7 21:46:57 2024...
